<?xml version="1.0" encoding="UTF-8"?>
<testsuite name="test.java.GivenWhiteBox" tests="8" skipped="0" failures="0" errors="0" timestamp="2022-04-26T17:45:51" hostname="LAPTOP-N2P7OJ01" time="0.01">
  <properties/>
  <testcase name="checkoutSuccessful" classname="test.java.GivenWhiteBox" time="0.001"/>
  <testcase name="checkoutOneBear" classname="test.java.GivenWhiteBox" time="0.001"/>
  <testcase name="TaxTest" classname="test.java.GivenWhiteBox" time="0.001"/>
  <testcase name="getCostSequence1" classname="test.java.GivenWhiteBox" time="0.001"/>
  <testcase name="getCostSequence2" classname="test.java.GivenWhiteBox" time="0.0"/>
  <testcase name="getCostSequence3" classname="test.java.GivenWhiteBox" time="0.0"/>
  <testcase name="getRawCostFullCoverage" classname="test.java.GivenWhiteBox" time="0.0"/>
  <testcase name="checkoutUnderageParent" classname="test.java.GivenWhiteBox" time="0.0"/>
  <system-out><![CDATA[]]></system-out>
  <system-err><![CDATA[]]></system-err>
</testsuite>
